[0mPOST /api/masters/users [33m400[0m 0.264 ms - 146[0m
[0mPOST /api/masters/users [33m400[0m 261.863 ms - 76[0m
[0mPOST /api/masters/users [32m200[0m 564.587 ms - 76[0m
[0mPOST /api/masters/users [33m400[0m 225.100 ms - 71[0m
[0mPOST /api/masters/users [33m400[0m 101.942 ms - 76[0m
[0mPOST /api/masters/users [32m200[0m 349.754 ms - 76[0m
[0mPUT /api/masters/users [31m500[0m 399.501 ms - 477[0m
[0mPUT /api/masters/users [31m500[0m 424.274 ms - 76[0m
[0mPUT /api/masters/users [32m200[0m 505.952 ms - 76[0m
[0mGET /api/masters/userType [32m200[0m 254.673 ms - 58[0m
[0mPOST /api/masters/userType [32m200[0m 581.357 ms - 68[0m
[0mPOST /api/masters/userType [32m200[0m 462.468 ms - 68[0m
[0mGET /api/masters/user [32m200[0m 13.293 ms - 5314[0m
[0mGET /api/masters/users [31m500[0m 289.465 ms - 464[0m
[0mGET /api/masters/users [32m200[0m 292.078 ms - 58[0m
[0mGET /api/masters/users [32m200[0m 324.332 ms - 2506[0m
[0mGET /api/masters/users [32m200[0m 278.401 ms - 2506[0m
[0mGET /api/masters/users [32m200[0m 250.454 ms - 1610[0m
[0mGET /api/ [32m200[0m 12.734 ms - 6904[0m
[0mGET /favicon.ico [33m404[0m 1.949 ms - 150[0m
[0mGET /api/masters/company [32m200[0m 534.958 ms - 209[0m
[0mGET /api/masters/users [32m200[0m 240.018 ms - 1610[0m
[0mGET /api/masters/userType [32m200[0m 131.526 ms - 275[0m
